# ELBREAD: Elaboration process.
# ELBREAD: Elaboration time 0.0 [s].
# Waveform file 'D:/Users/nicob/Desktop/Electro3/2P_E3-Bustelo/EJ1/EJ1Bustelo/src/outOK.awc' connected to 'D:/Users/nicob/Desktop/Electro3/2P_E3-Bustelo/EJ1/EJ1Bustelo/src/wave.asdb'.
# Warning: Content of 'wave.asdb' has changed after last modification of AWC file.
asim -O5 +access +r +m+Test Test
# ELBREAD: Elaboration process.
# ELBREAD: Elaboration time 0.0 [s].
# VSIM: Stack memory: 32MB
# VSIM: Retval memory: 32MB
# 
alog -O2 -sve -msg 5 -sv2k12 -work EJ1Bustelo $dsn/src/TestBench.v
# Pass 1. Scanning modules hierarchy.
# Info: VCP2113 Module \$root found in current working library.
# Info: VCP2113 Module QControl found in current working library.
# Pass 2. Processing instantiations.
# Pass 3. Processing behavioral statements.
# Running Optimizer.
# ELB/DAG code generating.
# Info: VCP2113 Module \$root found in current working library.
# Unit top modules: Test.
# $root top modules: Main Test.
# Compile success 0 Errors 0 Warnings  Analysis time: 0[s].
# Warning: ALOG: The source is compiled without the -dbg switch. Line breakpoints and assertion debug will not be available.
# done
# ELBREAD: Elaboration process.
# ELBREAD: Elaboration time 0.0 [s].
# KERNEL: Main thread initiated.
# KERNEL: Kernel process initialization phase.
# ELAB2: Elaboration final pass...
# ELAB2: Create instances ...
# KERNEL: Time resolution set to 1ps.
# ELAB2: Create instances complete.
# SLP: Started
# SLP: Elaboration phase ...
# SLP: Elaboration phase ... done : 0.0 [s]
# SLP: Generation phase ...
# SLP: Generation phase ... done : 0.4 [s]
# SLP: Finished : 0.5 [s]
# SLP: 0 primitives and 4 (100.00%) other processes in SLP
# SLP: 22 (100.00%) signals in SLP and 0 interface signals
# ELAB2: Elaboration final pass complete - time: 0.5 [s].
# KERNEL: SLP loading done - time: 0.0 [s].
# KERNEL: Warning: You are using the Active-HDL Student Edition. The performance of simulation is running at a reduced rate.
# KERNEL: Warning: Contact Aldec for available upgrade options - sales@aldec.com.
# KERNEL: SLP simulation initialization done - time: 0.0 [s].
# KERNEL: Kernel process initialization done.
# Allocation: Simulator allocated 5518 kB (elbread=1280 elab2=4105 kernel=133 sdf=0)
# KERNEL: ASDB file was created in location D:\Users\nicob\Desktop\Electro3\2P_E3-Bustelo\EJ1\EJ1Bustelo\src\wave.asdb
#  21:23, jueves, 11 de noviembre de 2021
#  Simulation has been initialized
# Waveform file 'D:/Users/nicob/Desktop/Electro3/2P_E3-Bustelo/EJ1/EJ1Bustelo/src/outOK.awc' connected to 'D:/Users/nicob/Desktop/Electro3/2P_E3-Bustelo/EJ1/EJ1Bustelo/src/wave.asdb'.
run
# RUNTIME: Info: RUNTIME_0068 TestBench.v (47): $finish called.
# KERNEL: Time: 73 ns,  Iteration: 0,  Instance: /Test,  Process: @INITIAL#25_1@.
# KERNEL: stopped at time: 73 ns
# VSIM: Simulation has finished. There are no more test vectors to simulate.
# Adding file D:\Users\nicob\Desktop\Electro3\2P_E3-Bustelo\EJ1\EJ1Bustelo\src\outOK.awc ... Done
