
tmcheck -par "Bustelo_Radiant_EJ1.par" 

bitgen -w "Bustelo_Radiant_EJ1.udb" -f "Bustelo_Radiant_EJ1.t2b" 
Loading Bustelo_Radiant_EJ1.udb ...
Loading device for application GENERIC from file 'itpa08.nph' in environment: C:/lscc/radiant/3.0/ispfpga.
Package Status:                     Preliminary    Version 1.5.
Performance Hardware Data Status:   Advanced       Version 1.0.



Design:  QControl
Family:  iCE40UP
Device:  iCE40UP5K
Package: SG48
Performance Grade:   High-Performance_1.2V
Successfully loading design udb and device data from disks and to up-layer in CPU time: 0 secs , REAL time: 0 secs 



BITGEN: Bitstream Generator Radiant Software (64-bit) 3.0.0.24.1
Copyright (c) 1991-1994 by NeoCAD Inc. All rights reserved.
Copyright (c) 1995 AT&T Corp.   All rights reserved.
Copyright (c) 1995-2001 Lucent Technologies Inc.  All rights reserved.
Copyright (c) 2001 Agere Systems   All rights reserved.
Copyright (c) 2002-2021 Lattice Semiconductor Corporation,  All rights reserved.


Running DRC.
DRC detected 0 errors and 0 warnings.

Preference Summary:
+---------------------------------+---------------------------------+
|  Preference                     |  Current Setting                |
+---------------------------------+---------------------------------+
 *  Default setting.
 ** The specified setting matches the default setting.


Creating bit map...
Saving bit stream in "D:\Users\nicob\Desktop\Electro3\2P_E3-Bustelo\Bustelo_Radiant\EJ1\Bustelo_Radiant_EJ1.bin".
Bitstream generation complete!

Total CPU Time: 1 secs 
Total REAL Time: 0 secs 
Peak Memory Usage: 104 MB


ibisgen "Bustelo_Radiant_EJ1.udb" "C:/lscc/radiant/3.0/cae_library/ibis/iCE40UP.ibs"
IBIS Models Generator: Lattice Radiant Software (64-bit) 3.0.0.24.1

Thu Nov 11 20:45:33 2021

Loading Bustelo_Radiant_EJ1.udb ...
Loading device for application GENERIC from file 'itpa08.nph' in environment: C:/lscc/radiant/3.0/ispfpga.
Package Status:                     Preliminary    Version 1.5.
Performance Hardware Data Status:   Advanced       Version 1.0.



Design:  QControl
Family:  iCE40UP
Device:  iCE40UP5K
Package: SG48
Performance Grade:   High-Performance_1.2V
Successfully loading design udb and device data from disks and to up-layer in CPU time: 0 secs , REAL time: 0 secs 

Created design models.


Generating: D:\Users\nicob\Desktop\Electro3\2P_E3-Bustelo\Bustelo_Radiant\EJ1\IBIS\Bustelo_Radiant_EJ1.ibs


INFO - Design IBIS models are generated for board level analysis.

backanno "Bustelo_Radiant_EJ1.udb"  -o "Bustelo_Radiant_EJ1_vo.vo"      -sp "High-Performance_1.2V"  -w -neg
backanno: version Radiant Software (64-bit) 3.0.0.24.1
Copyright (c) 1991-1994 by NeoCAD Inc. All rights reserved.
Copyright (c) 1995 AT&T Corp.   All rights reserved.
Copyright (c) 1995-2001 Lucent Technologies Inc.  All rights reserved.
Copyright (c) 2001 Agere Systems   All rights reserved.
Copyright (c) 2002-2021 Lattice Semiconductor Corporation,  All rights reserved.

Loading device for application GENERIC from file 'itpa08.nph' in environment: C:/lscc/radiant/3.0/ispfpga.
Package Status:                     Preliminary    Version 1.5.
Loading udb::Database ...
Design:  QControl
Family:  iCE40UP
Device:  iCE40UP5K
Package: SG48
Performance Grade:   High-Performance_1.2V
Performance Hardware Data Status:   Advanced       Version 1.0.



Writing a verilog netlist based on the Bustelo_Radiant_EJ1 design file.

Writing Verilog netlist to file Bustelo_Radiant_EJ1_vo.vo
Writing SDF timing to file Bustelo_Radiant_EJ1_vo.sdf
Backanno finished with 0 posted error messages.
Total CPU Time: 0 secs 
Total REAL Time: 0 secs 
Peak Memory Usage: 79 MB
